c:\users\alesi\desktop\lab4_cpp14\sender14\x64\debug\vc143.pdb
c:\users\alesi\desktop\lab4_cpp14\sender14\x64\debug\vc143.idb
c:\users\alesi\desktop\lab4_cpp14\sender14\x64\debug\sender.obj
c:\users\alesi\desktop\lab4_cpp14\x64\debug\sender14.lib
c:\users\alesi\desktop\lab4_cpp14\x64\debug\sender14.exe
c:\users\alesi\desktop\lab4_cpp14\x64\debug\sender14.pdb
c:\users\alesi\desktop\lab4_cpp14\sender14\x64\debug\sender14.ilk
c:\users\alesi\desktop\1 курс\инфа\2 курс\операционные системы\лабораторная работа 4\lab4_cpp14\sender14\x64\debug\sender.obj
c:\users\alesi\desktop\1 курс\инфа\2 курс\операционные системы\лабораторная работа 4\lab4_cpp14\sender14\x64\debug\sender14.ilk
c:\users\alesi\desktop\1 курс\инфа\2 курс\операционные системы\лабораторная работа 4\lab4_cpp14\sender14\x64\debug\vc143.idb
c:\users\alesi\desktop\1 курс\инфа\2 курс\операционные системы\лабораторная работа 4\lab4_cpp14\sender14\x64\debug\vc143.pdb
c:\users\alesi\desktop\1 курс\инфа\2 курс\операционные системы\лабораторная работа 4\lab4_cpp14\x64\debug\sender14.pdb
c:\users\alesi\desktop\1 курс\инфа\2 курс\операционные системы\лабораторная работа 4\lab4_cpp14\x64\debug\sender14.exe
c:\users\alesi\desktop\1 курс\инфа\2 курс\операционные системы\лабораторная работа 4\lab4_cpp14\sender14\x64\debug\sender14.tlog\cl.command.1.tlog
c:\users\alesi\desktop\1 курс\инфа\2 курс\операционные системы\лабораторная работа 4\lab4_cpp14\sender14\x64\debug\sender14.tlog\cl.items.tlog
c:\users\alesi\desktop\1 курс\инфа\2 курс\операционные системы\лабораторная работа 4\lab4_cpp14\sender14\x64\debug\sender14.tlog\cl.read.1.tlog
c:\users\alesi\desktop\1 курс\инфа\2 курс\операционные системы\лабораторная работа 4\lab4_cpp14\sender14\x64\debug\sender14.tlog\cl.write.1.tlog
c:\users\alesi\desktop\1 курс\инфа\2 курс\операционные системы\лабораторная работа 4\lab4_cpp14\sender14\x64\debug\sender14.tlog\lib-link.read.1.tlog
c:\users\alesi\desktop\1 курс\инфа\2 курс\операционные системы\лабораторная работа 4\lab4_cpp14\sender14\x64\debug\sender14.tlog\lib-link.write.1.tlog
c:\users\alesi\desktop\1 курс\инфа\2 курс\операционные системы\лабораторная работа 4\lab4_cpp14\sender14\x64\debug\sender14.tlog\lib.command.1.tlog
c:\users\alesi\desktop\1 курс\инфа\2 курс\операционные системы\лабораторная работа 4\lab4_cpp14\sender14\x64\debug\sender14.tlog\link.command.1.tlog
c:\users\alesi\desktop\1 курс\инфа\2 курс\операционные системы\лабораторная работа 4\lab4_cpp14\sender14\x64\debug\sender14.tlog\link.read.1.tlog
c:\users\alesi\desktop\1 курс\инфа\2 курс\операционные системы\лабораторная работа 4\lab4_cpp14\sender14\x64\debug\sender14.tlog\link.secondary.1.tlog
c:\users\alesi\desktop\1 курс\инфа\2 курс\операционные системы\лабораторная работа 4\lab4_cpp14\sender14\x64\debug\sender14.tlog\link.write.1.tlog
